#
# An unexpected error has occurred (11)
#
Stack:
/cad/x_18/Vivado/2018.1/tps/lnx64/jre/lib/amd64/server/libjvm.so(+0x923da9) [0x7f0128840da9]
/cad/x_18/Vivado/2018.1/tps/lnx64/jre/lib/amd64/server/libjvm.so(JVM_handle_linux_signal+0xb6) [0x7f01288473f6]
/cad/x_18/Vivado/2018.1/tps/lnx64/jre/lib/amd64/server/libjvm.so(+0x9209d3) [0x7f012883d9d3]
/lib64/libc.so.6(+0x35050) [0x7f0166cc5050]
/cad/x_18/Vivado/2018.1/lib/lnx64.o/librdi_coregen.so(HACGPInterfaceBuilder::createBusInterface(HACGPComponentDefinition*, HACGRepoBusAbs const*, std::vector<HACGPMapping, std::allocator<HACGPMapping> > const&, std::__cxx11::basic_string<char, std::char_traits<char>, std::allocator<char> > const&, HACGPBusDefVlnvSource const&, bool, bool, bool)+0x700) [0x7f015552ee00]
/cad/x_18/Vivado/2018.1/lib/lnx64.o/librdi_ipservicestasks.so(+0xdc9fe0) [0x7f0109546fe0]
/cad/x_18/Vivado/2018.1/lib/lnx64.o/librdi_common.so(+0x778822) [0x7f0167f4e822]
/cad/x_18/Vivado/2018.1/lib/lnx64.o/libtcl8.5.so(+0x334af) [0x7f016242d4af]
/cad/x_18/Vivado/2018.1/lib/lnx64.o/libtcl8.5.so(Tcl_EvalObjv+0x32) [0x7f016242d5e2]
/cad/x_18/Vivado/2018.1/lib/lnx64.o/libtcl8.5.so(TclEvalObjEx+0x322) [0x7f016242f402]
/cad/x_18/Vivado/2018.1/lib/lnx64.o/librdi_common.so(+0x776d31) [0x7f0167f4cd31]
/cad/x_18/Vivado/2018.1/lib/lnx64.o/libtcl8.5.so(Tcl_ServiceEvent+0x7f) [0x7f01624a1b0f]
/cad/x_18/Vivado/2018.1/lib/lnx64.o/libtcl8.5.so(Tcl_DoOneEvent+0x154) [0x7f01624a1e44]
/cad/x_18/Vivado/2018.1/lib/lnx64.o/librdi_commontasks.so(+0x1f9485) [0x7f015d34a485]
/cad/x_18/Vivado/2018.1/lib/lnx64.o/librdi_commontasks.so(+0x201413) [0x7f015d352413]
/cad/x_18/Vivado/2018.1/lib/lnx64.o/librdi_commontasks.so(+0x2024ae) [0x7f015d3534ae]
/cad/x_18/Vivado/2018.1/lib/lnx64.o/librdi_common.so(+0x778822) [0x7f0167f4e822]
/cad/x_18/Vivado/2018.1/lib/lnx64.o/libtcl8.5.so(+0x334af) [0x7f016242d4af]
/cad/x_18/Vivado/2018.1/lib/lnx64.o/libtcl8.5.so(+0x76875) [0x7f0162470875]
/cad/x_18/Vivado/2018.1/lib/lnx64.o/libtcl8.5.so(+0x7e029) [0x7f0162478029]
/cad/x_18/Vivado/2018.1/lib/lnx64.o/libtcl8.5.so(TclEvalObjEx+0x76) [0x7f016242f156]
/cad/x_18/Vivado/2018.1/lib/lnx64.o/librdi_commonmain.so(+0x7414) [0x7f01675d2414]
/cad/x_18/Vivado/2018.1/lib/lnx64.o/libtcl8.5.so(Tcl_Main+0x1d0) [0x7f016249a210]
/cad/x_18/Vivado/2018.1/lib/lnx64.o/librdi_common.so(+0x7bb82b) [0x7f0167f9182b]
/lib64/libpthread.so.0(+0x874a) [0x7f0166a7b74a]
/lib64/libc.so.6(clone+0x6d) [0x7f0166d7cf6d]
