#-----------------------------------------------------------
# Vivado v2018.1 (64-bit)
# SW Build 2188600 on Wed Apr  4 18:39:19 MDT 2018
# IP Build 2185939 on Wed Apr  4 20:55:05 MDT 2018
# Start of session at: Sun Nov  8 02:37:57 2020
# Process ID: 35441
# Current directory: /home/diezec/workspace/lab3
# Command line: vivado
# Log file: /home/diezec/workspace/lab3/vivado.log
# Journal file: /home/diezec/workspace/lab3/vivado.jou
#-----------------------------------------------------------
start_gui
open_project /home/diezec/workspace/lab3/vivado/lab3.xpr
Scanning sources...
Finished scanning sources
INFO: [IP_Flow 19-234] Refreshing IP repositories
INFO: [IP_Flow 19-1700] Loaded user IP repository '/home/diezec/workspace/lab3/ip_repo/MYMULTIPLIER_1.0'.
INFO: [IP_Flow 19-2313] Loaded Vivado IP repository '/cad/x_18/Vivado/2018.1/data/ip'.
open_project: Time (s): cpu = 00:00:14 ; elapsed = 00:00:07 . Memory (MB): peak = 6370.625 ; gain = 156.965 ; free physical = 50162 ; free virtual = 70653
close_project
open_project /home/diezec/workspace/lab3/ip_repo/edit_MYMULTIPLIER_v1_0.xpr
Scanning sources...
Finished scanning sources
INFO: [IP_Flow 19-234] Refreshing IP repositories
INFO: [IP_Flow 19-1700] Loaded user IP repository '/home/diezec/workspace/lab3/ip_repo/MYMULTIPLIER_1.0'.
INFO: [IP_Flow 19-2313] Loaded Vivado IP repository '/cad/x_18/Vivado/2018.1/data/ip'.
update_compile_order -fileset sources_1
